INFO:root:Scrolling for another 9 times
INFO:root:Scrolling for another 8 times
INFO:root:Scrolling for another 7 times
INFO:root:Scrolling for another 6 times
INFO:root:Scrolling for another 5 times
INFO:root:Scrolling for another 4 times
INFO:root:Scrolling for another 3 times
INFO:root:Scrolling for another 2 times
INFO:root:Scrolling for another 1 times
INFO:root:Scrolling for another 0 times
INFO:root:looking at post 0
INFO:root:user aline_cohenn saved
INFO:root:Post 1 saved
INFO:root:looking at post 1
INFO:root:user selenasousou2 saved
INFO:root:Post 2 saved
INFO:root:looking at post 2
INFO:root:user lolomatolo19 saved
INFO:root:Post 3 saved
INFO:root:looking at post 3
INFO:root:user crazyymood saved
INFO:root:Post 4 saved
INFO:root:looking at post 4
INFO:root:user misheltaroni saved
INFO:root:Post 5 saved
INFO:root:looking at post 5
INFO:root:user juanvargas_ofc saved
INFO:root:Post 6 saved
INFO:root:looking at post 6
INFO:root:user billychka saved
INFO:root:Post 7 saved
INFO:root:looking at post 7
INFO:root:user mama.mehrbano saved
INFO:root:Post 8 saved
INFO:root:looking at post 8
INFO:root:user rashel.tibi saved
INFO:root:Post 9 saved
INFO:root:looking at post 9
INFO:root:user matanzefa saved
INFO:root:Post 10 saved
INFO:root:looking at post 10
INFO:root:Scrolling for another 2 times
INFO:root:Scrolling for another 1 times
INFO:root:Scrolling for another 0 times
INFO:root:looking at post 0
INFO:root:user netanelzaguri1 saved
INFO:root:Post 1 saved of netanelzaguri1 saved
ERROR:root:Error saving Post 1 saved of netanelzaguri1 saved
INFO:root:looking at post 1
INFO:root:user billychka saved
INFO:root:Post 2 saved of billychka saved
ERROR:root:Error saving Post 2 saved of billychka saved
INFO:root:looking at post 2
INFO:root:user hila10k saved
INFO:root:Post 3 saved of hila10k saved
ERROR:root:Error saving Post 3 saved of hila10k saved
INFO:root:looking at post 3
INFO:root:user matanzefa saved
INFO:root:Post 4 saved of matanzefa saved
ERROR:root:Error saving Post 4 saved of matanzefa saved
INFO:root:looking at post 4
INFO:root:user kiritparecha saved
INFO:root:Post 5 saved of kiritparecha saved
ERROR:root:Error saving Post 5 saved of kiritparecha saved
INFO:root:looking at post 5
INFO:root:user alshqbawy.soleman1992 saved
INFO:root:Post 6 saved of alshqbawy.soleman1992 saved
ERROR:root:Error saving Post 6 saved of alshqbawy.soleman1992 saved
INFO:root:looking at post 6
INFO:root:user yazedfarojy saved
INFO:root:Post 7 saved of yazedfarojy saved
ERROR:root:Error saving Post 7 saved of yazedfarojy saved
INFO:root:looking at post 7
INFO:root:user aya.riven saved
INFO:root:Post 8 saved of aya.riven saved
ERROR:root:Error saving Post 8 saved of aya.riven saved
INFO:root:looking at post 8
INFO:root:user amit_vain saved
INFO:root:Post 9 saved of amit_vain saved
ERROR:root:Error saving Post 9 saved of amit_vain saved
INFO:root:looking at post 9
INFO:root:user pixel.mello saved
INFO:root:Post 10 saved of pixel.mello saved
ERROR:root:Error saving Post 10 saved of pixel.mello saved
INFO:root:looking at post 10
INFO:root:user selenasousou2 saved
INFO:root:Post 11 saved of selenasousou2 saved
ERROR:root:Error saving Post 11 saved of selenasousou2 saved
INFO:root:Got 11 posts
INFO:root:Got 11 users
INFO:root:Scrolling for another 2 times
INFO:root:Scrolling for another 1 times
INFO:root:Scrolling for another 0 times
INFO:root:looking at post 0
INFO:root:user ofirelkayam saved
INFO:root:Post 1 saved of ofirelkayam saved
INFO:root:looking at post 1
INFO:root:user billychka saved
INFO:root:Post 2 saved of billychka saved
INFO:root:looking at post 2
INFO:root:user karen_lopez322 saved
INFO:root:Post 3 saved of karen_lopez322 saved
INFO:root:Got 3 posts
INFO:root:Got 3 users
INFO:root:Scrolling for another 2 times
INFO:root:Scrolling for another 1 times
INFO:root:Scrolling for another 0 times
INFO:root:looking at post 0
INFO:root:user ofirelkayam saved
INFO:root:Post 1 saved of ofirelkayam saved
INFO:root:looking at post 1
INFO:root:user liransofer saved
INFO:root:Post 2 saved of liransofer saved
INFO:root:looking at post 2
INFO:root:user naty.solamente saved
INFO:root:Post 3 saved of naty.solamente saved
INFO:root:looking at post 3
INFO:root:user veredelkayam saved
INFO:root:Post 4 saved of veredelkayam saved
INFO:root:looking at post 4
INFO:root:user allantok24 saved
INFO:root:Post 5 saved of allantok24 saved
INFO:root:looking at post 5
INFO:root:user aliciaawa saved
INFO:root:Post 6 saved of aliciaawa saved
INFO:root:looking at post 6
INFO:root:user mayadri45 saved
INFO:root:Post 7 saved of mayadri45 saved
INFO:root:looking at post 7
INFO:root:user rachelibitoon92 saved
INFO:root:Post 8 saved of rachelibitoon92 saved
INFO:root:looking at post 8
INFO:root:user linawhby saved
INFO:root:Post 9 saved of linawhby saved
INFO:root:looking at post 9
INFO:root:user galgul_halaly saved
INFO:root:Post 10 saved of galgul_halaly saved
INFO:root:looking at post 10
INFO:root:user krong_2 saved
INFO:root:Post 11 saved of krong_2 saved
INFO:root:Scrolling for another 2 times
INFO:root:Scrolling for another 1 times
INFO:root:Scrolling for another 0 times
INFO:root:looking at post 0
INFO:root:user ofirelkayam saved
INFO:root:Post 1 saved of ofirelkayam saved
INFO:root:looking at post 1
INFO:root:user mayadri45 saved
INFO:root:Post 2 saved of mayadri45 saved
INFO:root:looking at post 2
INFO:root:user roiel_shree saved
INFO:root:Post 3 saved of roiel_shree saved
INFO:root:looking at post 3
INFO:root:user hila10k saved
INFO:root:Post 4 saved of hila10k saved
INFO:root:looking at post 4
INFO:root:user matanzefa saved
INFO:root:Post 5 saved of matanzefa saved
INFO:root:looking at post 5
INFO:root:user drawinsh saved
INFO:root:Post 6 saved of drawinsh saved
INFO:root:looking at post 6
INFO:root:user liel_eliyahu113 saved
INFO:root:Post 7 saved of liel_eliyahu113 saved
INFO:root:looking at post 7
INFO:root:user lihi_levi1 saved
INFO:root:Post 8 saved of lihi_levi1 saved
INFO:root:looking at post 8
INFO:root:user safaalian5 saved
INFO:root:Post 9 saved of safaalian5 saved
INFO:root:looking at post 9
INFO:root:user ilante saved
INFO:root:Post 10 saved of ilante saved
INFO:root:looking at post 10
INFO:root:user sanudibayranjan saved
INFO:root:Post 11 saved of sanudibayranjan saved
INFO:root:looking at post 11
INFO:root:user natalikhoury2 saved
INFO:root:Post 12 saved of natalikhoury2 saved
INFO:root:Scrolling for another 2 times
INFO:root:Scrolling for another 1 times
INFO:root:Scrolling for another 0 times
INFO:root:looking at post 0
INFO:root:user ofirelkayam saved
INFO:root:Post 1 saved of ofirelkayam saved
INFO:root:looking at post 1
INFO:root:user billychka saved
INFO:root:Post 2 saved of billychka saved
INFO:root:looking at post 2
INFO:root:user jasonderulo saved
INFO:root:Post 3 saved of jasonderulo saved
INFO:root:looking at post 3
INFO:root:user abamevich saved
INFO:root:Post 4 saved of abamevich saved
INFO:root:looking at post 4
INFO:root:user dudikalif saved
INFO:root:Post 5 saved of dudikalif saved
INFO:root:looking at post 5
INFO:root:user stan.sumalee saved
INFO:root:Post 6 saved of stan.sumalee saved
INFO:root:looking at post 6
INFO:root:user yazedfarojy saved
INFO:root:Post 7 saved of yazedfarojy saved
INFO:root:looking at post 7
INFO:root:user roiel_shree saved
INFO:root:Post 8 saved of roiel_shree saved
INFO:root:looking at post 8
INFO:root:user danieltbraun saved
INFO:root:Post 9 saved of danieltbraun saved
INFO:root:looking at post 9
INFO:root:user roeimaori saved
INFO:root:Post 10 saved of roeimaori saved
INFO:root:looking at post 10
INFO:root:user teto_2020 saved
INFO:root:Post 11 saved of teto_2020 saved
INFO:root:looking at post 11
INFO:root:user hibamazzawi saved
INFO:root:Post 12 saved of hibamazzawi saved
INFO:root:Scrolling for another 2 times
INFO:root:Scrolling for another 1 times
INFO:root:Scrolling for another 0 times
INFO:root:looking at post 0
INFO:root:user natalikhoury2 saved
INFO:root:Post 1 saved of natalikhoury2 saved
INFO:root:looking at post 1
INFO:root:user ofirelkayam saved
INFO:root:Post 2 saved of ofirelkayam saved
INFO:root:looking at post 2
INFO:root:user clipsxmonidamelio saved
INFO:root:Post 3 saved of clipsxmonidamelio saved
INFO:root:looking at post 3
INFO:root:user linoyivgi saved
INFO:root:Post 4 saved of linoyivgi saved
INFO:root:looking at post 4
INFO:root:user rfeef25 saved
INFO:root:Post 5 saved of rfeef25 saved
INFO:root:looking at post 5
INFO:root:user homasagar34 saved
INFO:root:Post 6 saved of homasagar34 saved
INFO:root:looking at post 6
INFO:root:user yazedfarojy saved
INFO:root:Post 7 saved of yazedfarojy saved
INFO:root:looking at post 7
INFO:root:user noatoledo1 saved
INFO:root:Post 8 saved of noatoledo1 saved
INFO:root:looking at post 8
INFO:root:user rashel.tibi saved
INFO:root:Post 9 saved of rashel.tibi saved
INFO:root:looking at post 9
INFO:root:user viciouz1 saved
INFO:root:Post 10 saved of viciouz1 saved
INFO:root:looking at post 10
INFO:root:user liel_eliyahu113 saved
INFO:root:Post 11 saved of liel_eliyahu113 saved
INFO:root:looking at post 11
INFO:root:user orinhiller12 saved
INFO:root:Post 12 saved of orinhiller12 saved
INFO:root:looking at post 12
INFO:root:user tamarbrahano saved
INFO:root:Post 13 saved of tamarbrahano saved
INFO:root:looking at post 13
INFO:root:user megman5167 saved
INFO:root:Post 14 saved of megman5167 saved
INFO:root:Scrolling for another 0 times
INFO:root:looking at post 0
INFO:root:user yazedfarojy saved
INFO:root:Post 1 saved of yazedfarojy saved
INFO:root:looking at post 1
INFO:root:user aline_cohenn saved
INFO:root:Post 2 saved of aline_cohenn saved
INFO:root:looking at post 2
INFO:root:user clipsxmonidamelio saved
INFO:root:Post 3 saved of clipsxmonidamelio saved
INFO:root:looking at post 3
INFO:root:user lironk0 saved
INFO:root:Post 4 saved of lironk0 saved
INFO:root:looking at post 4
INFO:root:user mishelbayev saved
INFO:root:Post 5 saved of mishelbayev saved
INFO:root:looking at post 5
INFO:root:user villa591 saved
INFO:root:Post 6 saved of villa591 saved
INFO:root:looking at post 6
INFO:root:user mayadri45 saved
INFO:root:Post 7 saved of mayadri45 saved
INFO:root:Scrolling for another 0 times
INFO:root:looking at post 0
INFO:root:user natalikhoury2 saved
INFO:root:Post 1 saved of natalikhoury2 saved
INFO:root:looking at post 1
ERROR:root:Error saving Post 2 saved of טלל saved
INFO:root:looking at post 2
INFO:root:user jasonderulo saved
INFO:root:Post 3 saved of jasonderulo saved
INFO:root:looking at post 3
INFO:root:user rankoresh saved
INFO:root:Post 4 saved of rankoresh saved
INFO:root:looking at post 4
INFO:root:user shir_biton1 saved
INFO:root:Post 5 saved of shir_biton1 saved
INFO:root:looking at post 5
INFO:root:user crazymoviesforyou saved
INFO:root:Post 6 saved of crazymoviesforyou saved
INFO:root:Scrolling for another 0 times
INFO:root:looking at post 0
INFO:root:user yazedfarojy saved
INFO:root:Post 1 saved of yazedfarojy saved
INFO:root:looking at post 1
INFO:root:user tohar.itah saved
INFO:root:Post 2 saved of tohar.itah saved
INFO:root:looking at post 2
INFO:root:user gicuma saved
INFO:root:Post 3 saved of gicuma saved
INFO:root:looking at post 3
INFO:root:user tyragina1 saved
INFO:root:Post 4 saved of tyragina1 saved
INFO:root:looking at post 4
INFO:root:user shanirosenstein saved
INFO:root:Post 5 saved of shanirosenstein saved
INFO:root:looking at post 5
INFO:root:user its_kaur903 saved
INFO:root:Post 6 saved of its_kaur903 saved
INFO:root:looking at post 6
INFO:root:user aline_cohenn saved
INFO:root:Post 7 saved of aline_cohenn saved
INFO:root:Scrolling for another 0 times
INFO:root:looking at post 0
INFO:root:user ofirelkayam saved
INFO:root:Post 1 saved of ofirelkayam saved
INFO:root:looking at post 1
INFO:root:user mohandtaha11 saved
INFO:root:Post 2 saved of mohandtaha11 saved
INFO:root:looking at post 2
INFO:root:user boys_group_addiction saved
INFO:root:Post 3 saved of boys_group_addiction saved
INFO:root:looking at post 3
INFO:root:user tamarbrahano saved
INFO:root:Post 4 saved of tamarbrahano saved
INFO:root:looking at post 4
INFO:root:user dolielya0 saved
INFO:root:Post 5 saved of dolielya0 saved
INFO:root:looking at post 5
INFO:root:user its_kaur903 saved
INFO:root:Post 6 saved of its_kaur903 saved
INFO:root:looking at post 6
INFO:root:user tohar.itah saved
INFO:root:Post 7 saved of tohar.itah saved
INFO:root:Got 7 posts
INFO:root:Got 7 users
INFO:root:Scrolling for another 0 times
INFO:root:looking at post 0
INFO:root:user ofirelkayam saved
INFO:root:Post 1 saved of ofirelkayam saved
INFO:root:looking at post 1
INFO:root:user crazyymood saved
INFO:root:Post 2 saved of crazyymood saved
INFO:root:looking at post 2
INFO:root:user jasonderulo saved
INFO:root:Post 3 saved of jasonderulo saved
INFO:root:looking at post 3
INFO:root:user krisdavidov1 saved
INFO:root:Post 4 saved of krisdavidov1 saved
INFO:root:looking at post 4
INFO:root:user hila10k saved
INFO:root:Post 5 saved of hila10k saved
INFO:root:looking at post 5
INFO:root:user kirakosarin saved
INFO:root:Post 6 saved of kirakosarin saved
INFO:root:Got 6 posts
INFO:root:Got 6 users
INFO:root:Scrolling for another 0 times
INFO:root:looking at post 0
ERROR:root:Error saving Post 1 saved of טלל saved
INFO:root:looking at post 1
INFO:root:user its_kaur903 saved
INFO:root:Post 2 saved of its_kaur903 saved
INFO:root:looking at post 2
INFO:root:user dorteri saved
INFO:root:Post 3 saved of dorteri saved
INFO:root:looking at post 3
INFO:root:user rachelibitoon92 saved
INFO:root:Post 4 saved of rachelibitoon92 saved
INFO:root:looking at post 4
INFO:root:user hila10k saved
INFO:root:Post 5 saved of hila10k saved
INFO:root:looking at post 5
INFO:root:user kiritparecha saved
INFO:root:Post 6 saved of kiritparecha saved
INFO:root:Got 6 posts
INFO:root:Got 5 users
INFO:root:Getting the tweets
INFO:root:Getting all the hashtags
INFO:root:Getting all the tweets and saving it to the database
INFO:root:Scrolling for another 0 times
INFO:root:looking at post 0
INFO:root:user ofirelkayam saved
INFO:root:Post 1 saved of ofirelkayam saved
INFO:root:looking at post 1
INFO:root:user billychka saved
INFO:root:Post 2 saved of billychka saved
INFO:root:looking at post 2
INFO:root:user riner_moshe saved
INFO:root:Post 3 saved of riner_moshe saved
INFO:root:looking at post 3
INFO:root:user meshiii12 saved
INFO:root:Post 4 saved of meshiii12 saved
INFO:root:looking at post 4
INFO:root:user 3mr_taha1 saved
INFO:root:Post 5 saved of 3mr_taha1 saved
INFO:root:looking at post 5
INFO:root:user harpreet_sdc saved
INFO:root:Post 6 saved of harpreet_sdc saved
INFO:root:Got 6 posts
INFO:root:Got 6 users
INFO:root:Getting the tweets
INFO:root:Getting all the hashtags
INFO:root:Getting all the tweets and saving it to the database
INFO:root:Scrolling for another 0 times
INFO:root:looking at post 0
INFO:root:Scrolling for another 0 times
INFO:root:looking at post 0
INFO:root:Scrolling for another 0 times
INFO:root:looking at post 0
INFO:root:Scrolling for another 0 times
INFO:root:looking at post 0
INFO:root:Scrolling for another 0 times
INFO:root:looking at post 0
INFO:root:Scrolling for another 0 times
INFO:root:looking at post 0
INFO:root:looking at post 0
INFO:root:looking at post 0
INFO:root:looking at post 0
INFO:root:looking at post 0
INFO:root:Got 0 posts
INFO:root:Got 0 users
INFO:root:Getting the tweets
INFO:root:Getting all the hashtags
INFO:root:looking at post 0
INFO:root:looking at post 0
INFO:root:Got 0 posts
INFO:root:Got 0 users
INFO:root:Getting the tweets
INFO:root:Getting all the hashtags
INFO:root:looking at post 0
INFO:root:looking at post 0
INFO:root:looking at post 0
INFO:root:looking at post 0
INFO:root:looking at post 0
INFO:root:looking at post 0
INFO:root:looking at post 0
INFO:root:looking at post 0
INFO:root:looking at post 0
INFO:root:looking at post 0
INFO:root:looking at post 0
INFO:root:looking at post 0
INFO:root:looking at post 0
INFO:root:looking at post 0
INFO:root:user lunamansour saved
INFO:root:looking at post 0
INFO:root:user maya.gur saved
INFO:root:looking at post 0
INFO:root:user michaelvartin saved
INFO:root:looking at post 0
INFO:root:user ortalazlan12 saved
INFO:root:looking at post 0
INFO:root:user ortalazlan12 saved
INFO:root:looking at post 0
INFO:root:user yazedfarojy saved
INFO:root:looking at post 0
INFO:root:user netanelzaguri1 saved
INFO:root:looking at post 0
INFO:root:user billychka saved
INFO:root:looking at post 0
INFO:root:user maya.gur saved
INFO:root:looking at post 0
INFO:root:user ortalazlan12 saved
INFO:root:looking at post 0
INFO:root:user michaelvartin saved
ERROR:root:Error saving Post 1 saved of michaelvartin saved
INFO:root:looking at post 1
INFO:root:user lunamansour saved
ERROR:root:Error saving Post 2 saved of lunamansour saved
INFO:root:Got 2 posts
INFO:root:Got 2 users
INFO:root:Getting the tweets
INFO:root:Getting all the hashtags
INFO:root:looking at post 0
INFO:root:user thekingloo saved
INFO:root:looking at post 0
INFO:root:user ksushajuliabin saved
INFO:root:looking at post 0
INFO:root:user ortalazlan12 saved
INFO:root:looking at post 0
INFO:root:user lin.zer saved
INFO:root:Post 1 saved of lin.zer saved
INFO:root:looking at post 1
INFO:root:user billychka saved
INFO:root:Post 2 saved of billychka saved
INFO:root:looking at post 2
INFO:root:user samjhanankandel saved
INFO:root:Post 3 saved of samjhanankandel saved
INFO:root:Got 3 posts
INFO:root:Got 3 users
INFO:root:Getting the tweets
INFO:root:Getting all the hashtags
INFO:root:looking at post 0
INFO:root:user ortalazlan12 saved
INFO:root:Post 1 saved of ortalazlan12 saved
INFO:root:looking at post 1
INFO:root:user billychka saved
INFO:root:Post 2 saved of billychka saved
INFO:root:Got 2 posts
INFO:root:Got 2 users
INFO:root:Getting the tweets
INFO:root:Getting all the hashtags
INFO:root:Getting all the tweets and saving it to the database
INFO:root:Got 0 posts
INFO:root:Got 0 users
INFO:root:Getting the tweets
INFO:root:Getting all the hashtags
INFO:root:Getting all the tweets and saving it to the database
INFO:root:looking at post 0
INFO:root:user lolabeauty123 saved
INFO:root:Post 1 saved of lolabeauty123 saved
INFO:root:looking at post 1
INFO:root:user michaelvartin saved
INFO:root:Post 2 saved of michaelvartin saved
INFO:root:Got 2 posts
INFO:root:Got 2 users
INFO:root:Getting the tweets
INFO:root:Getting all the hashtags
INFO:root:Getting all the tweets and saving it to the database
INFO:root:looking at post 0
INFO:root:user ortalazlan12 saved
INFO:root:Post 1 saved of ortalazlan12 saved
INFO:root:looking at post 1
INFO:root:user eli_eliyahu1 saved
INFO:root:Post 2 saved of eli_eliyahu1 saved
INFO:root:Got 2 posts
INFO:root:Got 2 users
INFO:root:Getting the tweets
INFO:root:Getting all the hashtags
INFO:root:Getting all the tweets and saving it to the database
INFO:root:looking at post 0
INFO:root:user ortalazlan12 saved
INFO:root:Post 1 saved of ortalazlan12 saved
INFO:root:looking at post 1
INFO:root:user maya.gur saved
INFO:root:Post 2 saved of maya.gur saved
INFO:root:Got 2 posts
INFO:root:Got 2 users
INFO:root:Getting the tweets
INFO:root:Getting all the hashtags
INFO:root:Getting all the tweets and saving it to the database
INFO:root:looking at post 0
INFO:root:user keren_bitanski saved
INFO:root:Post 1 saved of keren_bitanski saved
INFO:root:looking at post 1
INFO:root:user ksushajuliabin saved
INFO:root:Post 2 saved of ksushajuliabin saved
INFO:root:Got 2 posts
INFO:root:Got 2 users
INFO:root:Getting the tweets
INFO:root:Getting all the hashtags
INFO:root:Getting all the tweets and saving it to the database
INFO:root:looking at post 0
INFO:root:user lolabeauty123 saved
INFO:root:Post 1 saved of lolabeauty123 saved
INFO:root:looking at post 1
INFO:root:user lunamansour saved
INFO:root:Post 2 saved of lunamansour saved
INFO:root:Got 2 posts
INFO:root:Got 2 users
INFO:root:Getting the tweets
INFO:root:Getting all the hashtags
INFO:root:Getting all the tweets and saving it to the database
INFO:root:looking at post 0
INFO:root:user natalikhoury2 saved
INFO:root:Post 1 saved of natalikhoury2 saved
INFO:root:looking at post 1
INFO:root:user billychka saved
INFO:root:Post 2 saved of billychka saved
INFO:root:Got 2 posts
INFO:root:Got 2 users
INFO:root:Getting the tweets
INFO:root:Getting all the hashtags
INFO:root:Getting all the tweets and saving it to the database
INFO:root:looking at post 0
INFO:root:user maya.gur saved
INFO:root:Post 1 saved of maya.gur saved
INFO:root:looking at post 1
INFO:root:user billychka saved
INFO:root:Post 2 saved of billychka saved
INFO:root:Got 2 posts
INFO:root:Got 2 users
INFO:root:Getting the tweets
INFO:root:Getting all the hashtags
INFO:root:Getting all the tweets and saving it to the database
INFO:root:looking at post 0
INFO:root:user moradaburomhen saved
INFO:root:Post 1 saved of moradaburomhen saved
INFO:root:looking at post 1
INFO:root:looking at post 0
INFO:root:user lin.zer saved
INFO:root:Post 1 saved of lin.zer saved
INFO:root:looking at post 1
INFO:root:user moradaburomhen saved
INFO:root:Post 2 saved of moradaburomhen saved
INFO:root:Got 2 posts
INFO:root:Got 2 users
INFO:root:Getting the tweets
INFO:root:Getting all the hashtags
INFO:root:Getting all the tweets and saving it to the database
INFO:root:looking at post 0
INFO:root:user lin.zer saved
INFO:root:Post 1 saved of lin.zer saved
INFO:root:looking at post 1
INFO:root:user lunamansour saved
INFO:root:Post 2 saved of lunamansour saved
INFO:root:Got 2 posts
INFO:root:Got 2 users
INFO:root:Getting the tweets
INFO:root:Getting all the hashtags
INFO:root:Getting all the tweets and saving it to the database
INFO:root:Scrolling for another 4 times
INFO:root:Scrolling for another 3 times
INFO:root:Scrolling for another 2 times
INFO:root:Scrolling for another 1 times
INFO:root:Scrolling for another 0 times
INFO:root:looking at post 0
INFO:root:user ameerotmannn saved
INFO:root:Post 1 saved of ameerotmannn saved
INFO:root:looking at post 1
INFO:root:user gaza.circusteam saved
INFO:root:Post 2 saved of gaza.circusteam saved
INFO:root:looking at post 2
INFO:root:user naty.solamente saved
INFO:root:Post 3 saved of naty.solamente saved
INFO:root:looking at post 3
INFO:root:user dolielya0 saved
INFO:root:Post 4 saved of dolielya0 saved
INFO:root:looking at post 4
INFO:root:user rochs.ilfeld saved
INFO:root:Post 5 saved of rochs.ilfeld saved
INFO:root:looking at post 5
INFO:root:user moemomo0307 saved
INFO:root:Post 6 saved of moemomo0307 saved
INFO:root:looking at post 6
INFO:root:user yazedfarojy saved
INFO:root:Post 7 saved of yazedfarojy saved
INFO:root:looking at post 7
INFO:root:user paintbbyofficial saved
INFO:root:Post 8 saved of paintbbyofficial saved
INFO:root:looking at post 8
INFO:root:user momendarabee saved
INFO:root:Post 9 saved of momendarabee saved
INFO:root:looking at post 9
INFO:root:user shayzee_official_001 saved
INFO:root:Post 10 saved of shayzee_official_001 saved
INFO:root:looking at post 10
INFO:root:user lolabeauty123 saved
INFO:root:Post 11 saved of lolabeauty123 saved
INFO:root:looking at post 11
INFO:root:user mohandtaha11 saved
INFO:root:Post 12 saved of mohandtaha11 saved
INFO:root:looking at post 12
INFO:root:user roeimaori saved
INFO:root:Post 13 saved of roeimaori saved
INFO:root:looking at post 13
INFO:root:user marianasantos151 saved
INFO:root:Post 14 saved of marianasantos151 saved
INFO:root:looking at post 14
INFO:root:user blondydemon saved
INFO:root:Post 15 saved of blondydemon saved
INFO:root:looking at post 15
INFO:root:user sullysotelo saved
INFO:root:Post 16 saved of sullysotelo saved
INFO:root:looking at post 16
INFO:root:user amitnessimi16 saved
INFO:root:Post 17 saved of amitnessimi16 saved
INFO:root:looking at post 17
INFO:root:user talamokatren saved
INFO:root:Post 18 saved of talamokatren saved
INFO:root:looking at post 18
INFO:root:user ortalazlan12 saved
INFO:root:Post 19 saved of ortalazlan12 saved
INFO:root:Got 19 posts
INFO:root:Got 19 users
INFO:root:Getting the tweets
INFO:root:Getting all the hashtags
INFO:root:Getting all the tweets and saving it to the database
INFO:root:Scrolling for another 1 times
INFO:root:Scrolling for another 0 times
INFO:root:looking at post 0
INFO:root:user keren_bitanski saved
INFO:root:Post 1 saved of keren_bitanski saved
INFO:root:looking at post 1
INFO:root:user lolabeauty123 saved
INFO:root:Post 2 saved of lolabeauty123 saved
INFO:root:looking at post 2
INFO:root:user abamevich saved
INFO:root:Post 3 saved of abamevich saved
INFO:root:looking at post 3
INFO:root:user amit_vain saved
INFO:root:Post 4 saved of amit_vain saved
INFO:root:looking at post 4
INFO:root:user jukiflowrd saved
INFO:root:Post 5 saved of jukiflowrd saved
INFO:root:looking at post 5
INFO:root:user mrjroficcial saved
INFO:root:Post 6 saved of mrjroficcial saved
INFO:root:looking at post 6
INFO:root:Scrolling for another 1 times
INFO:root:Scrolling for another 0 times
INFO:root:looking at post 0
INFO:root:user ameerotmannn saved
INFO:root:Post 1 saved of ameerotmannn saved
INFO:root:looking at post 1
INFO:root:user natalikhoury2 saved
INFO:root:Post 2 saved of natalikhoury2 saved
INFO:root:looking at post 2
INFO:root:user misheltaroni saved
INFO:root:Post 3 saved of misheltaroni saved
INFO:root:looking at post 3
INFO:root:user yosef_naseem saved
INFO:root:Post 4 saved of yosef_naseem saved
INFO:root:looking at post 4
INFO:root:user marwanarkan5 saved
INFO:root:Post 5 saved of marwanarkan5 saved
INFO:root:looking at post 5
INFO:root:user lunamansour saved
INFO:root:Post 6 saved of lunamansour saved
INFO:root:looking at post 6
INFO:root:user 3mr_taha1 saved
INFO:root:Post 7 saved of 3mr_taha1 saved
INFO:root:looking at post 7
INFO:root:user safaalian5 saved
INFO:root:Post 8 saved of safaalian5 saved
INFO:root:looking at post 8
INFO:root:Scrolling for another 1 times
INFO:root:Scrolling for another 0 times
INFO:root:looking at post 0
INFO:root:user lunamansour saved
INFO:root:Post 1 saved of lunamansour saved
INFO:root:looking at post 1
INFO:root:user crazyymood saved
INFO:root:Post 2 saved of crazyymood saved
INFO:root:looking at post 2
INFO:root:user naty.solamente saved
INFO:root:Post 3 saved of naty.solamente saved
INFO:root:looking at post 3
INFO:root:user mama.mehrbano saved
INFO:root:Post 4 saved of mama.mehrbano saved
INFO:root:looking at post 4
INFO:root:user chloeli.pom saved
INFO:root:Post 5 saved of chloeli.pom saved
INFO:root:looking at post 5
INFO:root:user 3mr_taha1 saved
INFO:root:Post 6 saved of 3mr_taha1 saved
INFO:root:looking at post 6
INFO:root:user natalikhoury2 saved
INFO:root:Post 7 saved of natalikhoury2 saved
INFO:root:Got 7 posts
INFO:root:Got 7 users
INFO:root:Getting the tweets
INFO:root:Getting all the hashtags
INFO:root:Getting all the tweets and saving it to the database
